[debug] [2023-12-22T11:13:44.404Z] ----------------------------------------------------------------------
[debug] [2023-12-22T11:13:44.405Z] Command:       /usr/local/bin/node /usr/local/bin/firebase deploy
[debug] [2023-12-22T11:13:44.405Z] CLI Version:   12.9.1
[debug] [2023-12-22T11:13:44.405Z] Platform:      darwin
[debug] [2023-12-22T11:13:44.405Z] Node Version:  v18.16.0
[debug] [2023-12-22T11:13:44.406Z] Time:          Fri Dec 22 2023 16:43:44 GMT+0530 (India Standard Time)
[debug] [2023-12-22T11:13:44.406Z] ----------------------------------------------------------------------
[debug] 
[debug] [2023-12-22T11:13:44.437Z] > command requires scopes: ["email","openid","https://www.googleapis.com/auth/cloudplatformprojects.readonly","https://www.googleapis.com/auth/firebase","https://www.googleapis.com/auth/cloud-platform"]
[debug] [2023-12-22T11:13:44.437Z] > authorizing via signed-in user (keyurshah3939@gmail.com)
[debug] [2023-12-22T11:13:44.437Z] [iam] checking project rpslinkshortner for permissions ["firebase.projects.get","firebasehosting.sites.update"]
[debug] [2023-12-22T11:13:44.438Z] >>> [apiv2][query] POST https://cloudresourcemanager.googleapis.com/v1/projects/rpslinkshortner:testIamPermissions [none]
[debug] [2023-12-22T11:13:44.438Z] >>> [apiv2][(partial)header] POST https://cloudresourcemanager.googleapis.com/v1/projects/rpslinkshortner:testIamPermissions x-goog-quota-user=projects/rpslinkshortner
[debug] [2023-12-22T11:13:44.438Z] >>> [apiv2][body] POST https://cloudresourcemanager.googleapis.com/v1/projects/rpslinkshortner:testIamPermissions {"permissions":["firebase.projects.get","firebasehosting.sites.update"]}
[debug] [2023-12-22T11:13:45.935Z] <<< [apiv2][status] POST https://cloudresourcemanager.googleapis.com/v1/projects/rpslinkshortner:testIamPermissions 200
[debug] [2023-12-22T11:13:45.935Z] <<< [apiv2][body] POST https://cloudresourcemanager.googleapis.com/v1/projects/rpslinkshortner:testIamPermissions {"permissions":["firebase.projects.get","firebasehosting.sites.update"]}
[debug] [2023-12-22T11:13:45.936Z] >>> [apiv2][query] GET https://firebase.googleapis.com/v1beta1/projects/rpslinkshortner [none]
[debug] [2023-12-22T11:13:46.446Z] <<< [apiv2][status] GET https://firebase.googleapis.com/v1beta1/projects/rpslinkshortner 200
[debug] [2023-12-22T11:13:46.446Z] <<< [apiv2][body] GET https://firebase.googleapis.com/v1beta1/projects/rpslinkshortner {"projectId":"rpslinkshortner","projectNumber":"448289965325","displayName":"rpslinkshortner","name":"projects/rpslinkshortner","resources":{"hostingSite":"rpslinkshortner","storageBucket":"rpslinkshortner.appspot.com","locationId":"asia-south1"},"state":"ACTIVE","etag":"1_4c1ba3e4-d8e2-430b-853a-91969cc5a0b7"}
[debug] [2023-12-22T11:13:46.448Z] Specified "public" directory "dist/shashan-sthapana-sam" does not exist; Deploy to Hosting site "chaturmasik-choviyar" may fail or be empty.
[info] 
[info] === Deploying to 'rpslinkshortner'...
[info] 
[info] i  deploying hosting 
[info] Running command: npm run build
